<?xml version="1.0" encoding="UTF-8"?>
<coverage generated="1510947315543" clover="3.2.0">
  <project timestamp="1510947315543" name="All files">
    <metrics statements="23" coveredstatements="23" conditionals="2" coveredconditionals="2" methods="14" coveredmethods="14" elements="39" coveredelements="39" complexity="0" loc="23" ncloc="23" packages="1" files="1" classes="1">
      <file name="script.js" path="/Users/bootcamp/Desktop/Esteban Cardona/hb-javascript-test-101/script.js">
        <metrics statements="23" coveredstatements="23" conditionals="2" coveredconditionals="2" methods="14" coveredmethods="14"/>
        <line num="3" count="1" type="stmt"/>
        <line num="8" count="1" type="stmt"/>
        <line num="12" count="1" type="stmt"/>
        <line num="14" count="1" type="stmt"/>
        <line num="15" count="7" type="cond" truecount="2" falsecount="0"/>
        <line num="16" count="4" type="stmt"/>
        <line num="20" count="1" type="stmt"/>
        <line num="24" count="1" type="stmt"/>
        <line num="25" count="7" type="stmt"/>
        <line num="30" count="1" type="stmt"/>
        <line num="32" count="1" type="stmt"/>
        <line num="33" count="8" type="stmt"/>
        <line num="35" count="1" type="stmt"/>
        <line num="39" count="1" type="stmt"/>
        <line num="40" count="8" type="stmt"/>
        <line num="45" count="2" type="stmt"/>
        <line num="49" count="1" type="stmt"/>
        <line num="50" count="1" type="stmt"/>
        <line num="55" count="1" type="stmt"/>
        <line num="56" count="1" type="stmt"/>
        <line num="59" count="1" type="stmt"/>
        <line num="63" count="1" type="stmt"/>
        <line num="68" count="1" type="stmt"/>
      </file>
    </metrics>
  </project>
</coverage>
