{"/Users/bootcamp/Desktop/Esteban Cardona/hb-javascript-test-101/script.js": {"path":"/Users/bootcamp/Desktop/Esteban Cardona/hb-javascript-test-101/script.js","statementMap":{"0":{"start":{"line":3,"column":14},"end":{"line":7,"column":5}},"1":{"start":{"line":8,"column":4},"end":{"line":8,"column":15}},"2":{"start":{"line":12,"column":17},"end":{"line":12,"column":19}},"3":{"start":{"line":14,"column":4},"end":{"line":18,"column":5}},"4":{"start":{"line":15,"column":8},"end":{"line":17,"column":9}},"5":{"start":{"line":16,"column":12},"end":{"line":16,"column":35}},"6":{"start":{"line":20,"column":4},"end":{"line":20,"column":18}},"7":{"start":{"line":24,"column":4},"end":{"line":26,"column":11}},"8":{"start":{"line":25,"column":8},"end":{"line":25,"column":26}},"9":{"start":{"line":30,"column":17},"end":{"line":30,"column":19}},"10":{"start":{"line":32,"column":4},"end":{"line":34,"column":7}},"11":{"start":{"line":33,"column":8},"end":{"line":33,"column":40}},"12":{"start":{"line":35,"column":4},"end":{"line":35,"column":18}},"13":{"start":{"line":39,"column":4},"end":{"line":41,"column":11}},"14":{"start":{"line":40,"column":8},"end":{"line":40,"column":34}},"15":{"start":{"line":45,"column":4},"end":{"line":45,"column":32}},"16":{"start":{"line":49,"column":17},"end":{"line":49,"column":52}},"17":{"start":{"line":50,"column":4},"end":{"line":50,"column":29}},"18":{"start":{"line":55,"column":8},"end":{"line":55,"column":25}},"19":{"start":{"line":56,"column":8},"end":{"line":56,"column":23}},"20":{"start":{"line":59,"column":8},"end":{"line":59,"column":24}},"21":{"start":{"line":63,"column":8},"end":{"line":63,"column":31}},"22":{"start":{"line":68,"column":4},"end":{"line":68,"column":28}}},"fnMap":{"0":{"name":"generateRandomNumber","decl":{"start":{"line":2,"column":16},"end":{"line":2,"column":36}},"loc":{"start":{"line":2,"column":38},"end":{"line":9,"column":1}},"line":2},"1":{"name":"filterNegativeNumbers","decl":{"start":{"line":11,"column":16},"end":{"line":11,"column":37}},"loc":{"start":{"line":11,"column":46},"end":{"line":21,"column":5}},"line":11},"2":{"name":"functionalFilterNegativeNumbers","decl":{"start":{"line":23,"column":16},"end":{"line":23,"column":47}},"loc":{"start":{"line":23,"column":56},"end":{"line":27,"column":1}},"line":23},"3":{"name":"(anonymous_3)","decl":{"start":{"line":24,"column":25},"end":{"line":24,"column":26}},"loc":{"start":{"line":24,"column":35},"end":{"line":26,"column":9}},"line":24},"4":{"name":"mapNumbersIntoStrings","decl":{"start":{"line":29,"column":16},"end":{"line":29,"column":37}},"loc":{"start":{"line":29,"column":46},"end":{"line":36,"column":1}},"line":29},"5":{"name":"(anonymous_5)","decl":{"start":{"line":32,"column":19},"end":{"line":32,"column":20}},"loc":{"start":{"line":32,"column":30},"end":{"line":34,"column":5}},"line":32},"6":{"name":"functionalMapNumbersIntoStrings","decl":{"start":{"line":38,"column":16},"end":{"line":38,"column":47}},"loc":{"start":{"line":38,"column":56},"end":{"line":42,"column":1}},"line":38},"7":{"name":"(anonymous_7)","decl":{"start":{"line":39,"column":22},"end":{"line":39,"column":23}},"loc":{"start":{"line":39,"column":32},"end":{"line":41,"column":9}},"line":39},"8":{"name":"printType","decl":{"start":{"line":44,"column":16},"end":{"line":44,"column":25}},"loc":{"start":{"line":44,"column":34},"end":{"line":46,"column":1}},"line":44},"9":{"name":"isPalindrome","decl":{"start":{"line":48,"column":16},"end":{"line":48,"column":28}},"loc":{"start":{"line":48,"column":37},"end":{"line":51,"column":1}},"line":48},"10":{"name":"(anonymous_10)","decl":{"start":{"line":54,"column":4},"end":{"line":54,"column":5}},"loc":{"start":{"line":54,"column":26},"end":{"line":57,"column":5}},"line":54},"11":{"name":"(anonymous_11)","decl":{"start":{"line":58,"column":4},"end":{"line":58,"column":5}},"loc":{"start":{"line":58,"column":13},"end":{"line":60,"column":5}},"line":58},"12":{"name":"(anonymous_12)","decl":{"start":{"line":62,"column":4},"end":{"line":62,"column":5}},"loc":{"start":{"line":62,"column":15},"end":{"line":64,"column":5}},"line":62},"13":{"name":"printOutPersonAge","decl":{"start":{"line":67,"column":16},"end":{"line":67,"column":33}},"loc":{"start":{"line":67,"column":41},"end":{"line":69,"column":1}},"line":67}},"branchMap":{"0":{"loc":{"start":{"line":15,"column":8},"end":{"line":17,"column":9}},"type":"if","locations":[{"start":{"line":15,"column":8},"end":{"line":17,"column":9}},{"start":{"line":15,"column":8},"end":{"line":17,"column":9}}],"line":15}},"s":{"0":1,"1":1,"2":1,"3":1,"4":7,"5":4,"6":1,"7":1,"8":7,"9":1,"10":1,"11":8,"12":1,"13":1,"14":8,"15":2,"16":1,"17":1,"18":1,"19":1,"20":1,"21":1,"22":1},"f":{"0":1,"1":1,"2":1,"3":7,"4":1,"5":8,"6":1,"7":8,"8":2,"9":1,"10":1,"11":1,"12":1,"13":1},"b":{"0":[4,3]},"_coverageSchema":"332fd63041d2c1bcb487cc26dd0d5f7d97098a6c","hash":"1be4e22ba32fedf01b12be8450c42158812baf48"}
}
