TN:
SF:/Users/bootcamp/Desktop/Esteban Cardona/hb-javascript-test-101/script.js
FN:2,generateRandomNumber
FN:11,filterNegativeNumbers
FN:23,functionalFilterNegativeNumbers
FN:24,(anonymous_3)
FN:29,mapNumbersIntoStrings
FN:32,(anonymous_5)
FN:38,functionalMapNumbersIntoStrings
FN:39,(anonymous_7)
FN:44,printType
FN:48,isPalindrome
FN:54,(anonymous_10)
FN:58,(anonymous_11)
FN:62,(anonymous_12)
FN:67,printOutPersonAge
FNF:14
FNH:14
FNDA:1,generateRandomNumber
FNDA:1,filterNegativeNumbers
FNDA:1,functionalFilterNegativeNumbers
FNDA:7,(anonymous_3)
FNDA:1,mapNumbersIntoStrings
FNDA:8,(anonymous_5)
FNDA:1,functionalMapNumbersIntoStrings
FNDA:8,(anonymous_7)
FNDA:2,printType
FNDA:1,isPalindrome
FNDA:1,(anonymous_10)
FNDA:1,(anonymous_11)
FNDA:1,(anonymous_12)
FNDA:1,printOutPersonAge
DA:3,1
DA:8,1
DA:12,1
DA:14,1
DA:15,7
DA:16,4
DA:20,1
DA:24,1
DA:25,7
DA:30,1
DA:32,1
DA:33,8
DA:35,1
DA:39,1
DA:40,8
DA:45,2
DA:49,1
DA:50,1
DA:55,1
DA:56,1
DA:59,1
DA:63,1
DA:68,1
LF:23
LH:23
BRDA:15,0,0,4
BRDA:15,0,1,3
BRF:2
BRH:2
end_of_record
